<?xml version="1.0" encoding="UTF-8"?>
<testng-results skipped="0" failed="1" total="3" passed="2">
  <reporter-output>
    <line>
      <![CDATA[User logged in successfully<br>]]>
    </line>
    <line>
      <![CDATA[File uploaded successfully<br>]]>
    </line>
    <line>
      <![CDATA[User logged in successfully<br>]]>
    </line>
    <line>
      <![CDATA[User logged out successfully<br>]]>
    </line>
    <line>
      <![CDATA[User logged in successfully<br>]]>
    </line>
    <line>
      <![CDATA[closing webdriver<br>]]>
    </line>
    <line>
      <![CDATA[webdriver closed.<br>]]>
    </line>
    <line>
      <![CDATA[closing webdriver<br>]]>
    </line>
  </reporter-output>
  <suite name="Suite" duration-ms="27900" started-at="2018-09-09T23:14:16Z" finished-at="2018-09-09T23:14:44Z">
    <groups>
    </groups>
    <test name="Test" duration-ms="27900" started-at="2018-09-09T23:14:16Z" finished-at="2018-09-09T23:14:44Z">
      <class name="com.dropbox.test.HomePageUploadFileTest">
        <test-method status="PASS" signature="dropboxLogin()[pri:0, instance:com.dropbox.test.HomePageUploadFileTest@6a5fc7f7]" name="dropboxLogin" is-config="true" duration-ms="4416" started-at="2018-09-10T01:14:16Z" finished-at="2018-09-10T01:14:21Z">
          <reporter-output>
            <line>
              <![CDATA[User logged in successfully<br>]]>
            </line>
          </reporter-output>
        </test-method> <!-- dropboxLogin -->
        <test-method status="PASS" signature="dropboxHome()[pri:0, instance:com.dropbox.test.HomePageUploadFileTest@6a5fc7f7]" name="dropboxHome" duration-ms="7642" started-at="2018-09-10T01:14:21Z" finished-at="2018-09-10T01:14:28Z">
          <reporter-output>
            <line>
              <![CDATA[File uploaded successfully<br>]]>
            </line>
          </reporter-output>
        </test-method> <!-- dropboxHome -->
        <test-method status="PASS" signature="tearDown(org.testng.ITestResult)[pri:0, instance:com.dropbox.test.HomePageUploadFileTest@6a5fc7f7]" name="tearDown" is-config="true" duration-ms="1" started-at="2018-09-10T01:14:28Z" finished-at="2018-09-10T01:14:28Z">
          <params>
            <param index="0">
              <value>
                <![CDATA[[TestResult: dropboxHome STATUS:SUCCESS METHOD:HomePageUploadFileTest.dropboxHome()[pri:0, instance:com.dropbox.test.HomePageUploadFileTest@6a5fc7f7]File uploaded successfully<br>]]>
              </value>
            </param>
          </params>
          <reporter-output>
          </reporter-output>
        </test-method> <!-- tearDown -->
      </class> <!-- com.dropbox.test.HomePageUploadFileTest -->
      <class name="com.dropbox.test.LoginLogoutTest">
        <test-method status="PASS" signature="dropboxLogin()[pri:0, instance:com.dropbox.test.LoginLogoutTest@5594a1b5]" name="dropboxLogin" is-config="true" duration-ms="1459" started-at="2018-09-10T01:14:28Z" finished-at="2018-09-10T01:14:30Z">
          <reporter-output>
            <line>
              <![CDATA[User logged in successfully<br>]]>
            </line>
          </reporter-output>
        </test-method> <!-- dropboxLogin -->
        <test-method status="PASS" signature="userLogout()[pri:0, instance:com.dropbox.test.LoginLogoutTest@5594a1b5]" name="userLogout" duration-ms="7629" started-at="2018-09-10T01:14:30Z" finished-at="2018-09-10T01:14:37Z">
          <reporter-output>
            <line>
              <![CDATA[User logged out successfully<br>]]>
            </line>
          </reporter-output>
        </test-method> <!-- userLogout -->
        <test-method status="PASS" signature="tearDown(org.testng.ITestResult)[pri:0, instance:com.dropbox.test.LoginLogoutTest@5594a1b5]" name="tearDown" is-config="true" duration-ms="0" started-at="2018-09-10T01:14:37Z" finished-at="2018-09-10T01:14:37Z">
          <params>
            <param index="0">
              <value>
                <![CDATA[[TestResult: userLogout STATUS:SUCCESS METHOD:LoginLogoutTest.userLogout()[pri:0, instance:com.dropbox.test.LoginLogoutTest@5594a1b5]User logged out successfully<br>]]>
              </value>
            </param>
          </params>
          <reporter-output>
          </reporter-output>
        </test-method> <!-- tearDown -->
      </class> <!-- com.dropbox.test.LoginLogoutTest -->
      <class name="com.dropbox.test.CreateNewFolderTest">
        <test-method status="PASS" signature="BrowserNavigation()[pri:0, instance:com.dropbox.test.CreateNewFolderTest@6b71769e]" name="BrowserNavigation" is-config="true" duration-ms="4240" started-at="2018-09-10T01:14:03Z" finished-at="2018-09-10T01:14:07Z">
          <reporter-output>
          </reporter-output>
        </test-method> <!-- BrowserNavigation -->
        <test-method status="PASS" signature="BrowserNavigation()[pri:0, instance:com.dropbox.test.HomePageUploadFileTest@6a5fc7f7]" name="BrowserNavigation" is-config="true" duration-ms="4478" started-at="2018-09-10T01:14:07Z" finished-at="2018-09-10T01:14:12Z">
          <reporter-output>
          </reporter-output>
        </test-method> <!-- BrowserNavigation -->
        <test-method status="PASS" signature="BrowserNavigation()[pri:0, instance:com.dropbox.test.LoginLogoutTest@5594a1b5]" name="BrowserNavigation" is-config="true" duration-ms="4722" started-at="2018-09-10T01:14:12Z" finished-at="2018-09-10T01:14:16Z">
          <reporter-output>
          </reporter-output>
        </test-method> <!-- BrowserNavigation -->
        <test-method status="PASS" signature="dropboxLogin()[pri:0, instance:com.dropbox.test.CreateNewFolderTest@6b71769e]" name="dropboxLogin" is-config="true" duration-ms="1394" started-at="2018-09-10T01:14:37Z" finished-at="2018-09-10T01:14:39Z">
          <reporter-output>
            <line>
              <![CDATA[User logged in successfully<br>]]>
            </line>
          </reporter-output>
        </test-method> <!-- dropboxLogin -->
        <test-method status="FAIL" signature="createNewFolder()[pri:0, instance:com.dropbox.test.CreateNewFolderTest@6b71769e]" name="createNewFolder" duration-ms="3027" started-at="2018-09-10T01:14:39Z" finished-at="2018-09-10T01:14:42Z">
          <exception class="org.openqa.selenium.StaleElementReferenceException">
            <message>
              <![CDATA[stale element reference: element is not attached to the page document
  (Session info: chrome=68.0.3440.106)
  (Driver info: chromedriver=2.41.578737 (49da6702b16031c40d63e5618de03a32ff6c197e),platform=Windows NT 10.0.17134 x86_64) (WARNING: The server did not provide any stacktrace information)
Command duration or timeout: 0 milliseconds
For documentation on this error, please visit: http://seleniumhq.org/exceptions/stale_element_reference.html
Build info: version: '3.12.0', revision: '7c6e0b3', time: '2018-05-08T14:04:26.12Z'
System info: host: 'WINDELL-6TMRLLH', ip: '192.168.2.103', os.name: 'Windows 10', os.arch: 'amd64', os.version: '10.0', java.version: '1.8.0_151'
Driver info: org.openqa.selenium.chrome.ChromeDriver
Capabilities {acceptInsecureCerts: false, acceptSslCerts: false, applicationCacheEnabled: false, browserConnectionEnabled: false, browserName: chrome, chrome: {chromedriverVersion: 2.41.578737 (49da6702b16031..., userDataDir: C:\Users\anilk\AppData\Loca...}, cssSelectorsEnabled: true, databaseEnabled: false, goog:chromeOptions: {debuggerAddress: localhost:57781}, handlesAlerts: true, hasTouchScreen: false, javascriptEnabled: true, locationContextEnabled: true, mobileEmulationEnabled: false, nativeEvents: true, networkConnectionEnabled: false, pageLoadStrategy: normal, platform: XP, platformName: XP, rotatable: false, setWindowRect: true, takesHeapSnapshot: true, takesScreenshot: true, unexpectedAlertBehaviour: , unhandledPromptBehavior: , version: 68.0.3440.106, webStorageEnabled: true}
Session ID: 5f44f82129691c41b2b22031d2b7b4a4]]>
            </message>
            <full-stacktrace>
              <![CDATA[org.openqa.selenium.StaleElementReferenceException: stale element reference: element is not attached to the page document
  (Session info: chrome=68.0.3440.106)
  (Driver info: chromedriver=2.41.578737 (49da6702b16031c40d63e5618de03a32ff6c197e),platform=Windows NT 10.0.17134 x86_64) (WARNING: The server did not provide any stacktrace information)
Command duration or timeout: 0 milliseconds
For documentation on this error, please visit: http://seleniumhq.org/exceptions/stale_element_reference.html
Build info: version: '3.12.0', revision: '7c6e0b3', time: '2018-05-08T14:04:26.12Z'
System info: host: 'WINDELL-6TMRLLH', ip: '192.168.2.103', os.name: 'Windows 10', os.arch: 'amd64', os.version: '10.0', java.version: '1.8.0_151'
Driver info: org.openqa.selenium.chrome.ChromeDriver
Capabilities {acceptInsecureCerts: false, acceptSslCerts: false, applicationCacheEnabled: false, browserConnectionEnabled: false, browserName: chrome, chrome: {chromedriverVersion: 2.41.578737 (49da6702b16031..., userDataDir: C:\Users\anilk\AppData\Loca...}, cssSelectorsEnabled: true, databaseEnabled: false, goog:chromeOptions: {debuggerAddress: localhost:57781}, handlesAlerts: true, hasTouchScreen: false, javascriptEnabled: true, locationContextEnabled: true, mobileEmulationEnabled: false, nativeEvents: true, networkConnectionEnabled: false, pageLoadStrategy: normal, platform: XP, platformName: XP, rotatable: false, setWindowRect: true, takesHeapSnapshot: true, takesScreenshot: true, unexpectedAlertBehaviour: , unhandledPromptBehavior: , version: 68.0.3440.106, webStorageEnabled: true}
Session ID: 5f44f82129691c41b2b22031d2b7b4a4
	at sun.reflect.NativeConstructorAccessorImpl.newInstance0(Native Method)
	at sun.reflect.NativeConstructorAccessorImpl.newInstance(NativeConstructorAccessorImpl.java:62)
	at sun.reflect.DelegatingConstructorAccessorImpl.newInstance(DelegatingConstructorAccessorImpl.java:45)
	at java.lang.reflect.Constructor.newInstance(Constructor.java:423)
	at org.openqa.selenium.remote.ErrorHandler.createThrowable(ErrorHandler.java:214)
	at org.openqa.selenium.remote.ErrorHandler.throwIfResponseFailed(ErrorHandler.java:166)
	at org.openqa.selenium.remote.http.JsonHttpResponseCodec.reconstructValue(JsonHttpResponseCodec.java:40)
	at org.openqa.selenium.remote.http.AbstractHttpResponseCodec.decode(AbstractHttpResponseCodec.java:80)
	at org.openqa.selenium.remote.http.AbstractHttpResponseCodec.decode(AbstractHttpResponseCodec.java:44)
	at org.openqa.selenium.remote.HttpCommandExecutor.execute(HttpCommandExecutor.java:158)
	at org.openqa.selenium.remote.service.DriverCommandExecutor.execute(DriverCommandExecutor.java:83)
	at org.openqa.selenium.remote.RemoteWebDriver.execute(RemoteWebDriver.java:543)
	at org.openqa.selenium.remote.RemoteWebElement.execute(RemoteWebElement.java:276)
	at org.openqa.selenium.remote.RemoteWebElement.isDisplayed(RemoteWebElement.java:317)
	at sun.reflect.NativeMethodAccessorImpl.invoke0(Native Method)
	at sun.reflect.NativeMethodAccessorImpl.invoke(NativeMethodAccessorImpl.java:62)
	at sun.reflect.DelegatingMethodAccessorImpl.invoke(DelegatingMethodAccessorImpl.java:43)
	at java.lang.reflect.Method.invoke(Method.java:498)
	at org.openqa.selenium.support.pagefactory.internal.LocatingElementHandler.invoke(LocatingElementHandler.java:51)
	at com.sun.proxy.$Proxy9.isDisplayed(Unknown Source)
	at org.openqa.selenium.support.ui.ExpectedConditions.elementIfVisible(ExpectedConditions.java:315)
	at org.openqa.selenium.support.ui.ExpectedConditions.access$100(ExpectedConditions.java:44)
	at org.openqa.selenium.support.ui.ExpectedConditions$10.apply(ExpectedConditions.java:301)
	at org.openqa.selenium.support.ui.ExpectedConditions$10.apply(ExpectedConditions.java:298)
	at org.openqa.selenium.support.ui.ExpectedConditions$23.apply(ExpectedConditions.java:686)
	at org.openqa.selenium.support.ui.ExpectedConditions$23.apply(ExpectedConditions.java:682)
	at org.openqa.selenium.support.ui.FluentWait.until(FluentWait.java:248)
	at com.dropbox.pageObjects.HomePage.createFolder(HomePage.java:158)
	at com.dropbox.test.CreateNewFolderTest.createNewFolder(CreateNewFolderTest.java:47)
	at sun.reflect.NativeMethodAccessorImpl.invoke0(Native Method)
	at sun.reflect.NativeMethodAccessorImpl.invoke(NativeMethodAccessorImpl.java:62)
	at sun.reflect.DelegatingMethodAccessorImpl.invoke(DelegatingMethodAccessorImpl.java:43)
	at java.lang.reflect.Method.invoke(Method.java:498)
	at org.testng.internal.MethodInvocationHelper.invokeMethod(MethodInvocationHelper.java:80)
	at org.testng.internal.Invoker.invokeMethod(Invoker.java:715)
	at org.testng.internal.Invoker.invokeTestMethod(Invoker.java:907)
	at org.testng.internal.Invoker.invokeTestMethods(Invoker.java:1237)
	at org.testng.internal.TestMethodWorker.invokeTestMethods(TestMethodWorker.java:127)
	at org.testng.internal.TestMethodWorker.run(TestMethodWorker.java:111)
	at org.testng.TestRunner.privateRun(TestRunner.java:767)
	at org.testng.TestRunner.run(TestRunner.java:617)
	at org.testng.SuiteRunner.runTest(SuiteRunner.java:334)
	at org.testng.SuiteRunner.runSequentially(SuiteRunner.java:329)
	at org.testng.SuiteRunner.privateRun(SuiteRunner.java:291)
	at org.testng.SuiteRunner.run(SuiteRunner.java:240)
	at org.testng.SuiteRunnerWorker.runSuite(SuiteRunnerWorker.java:51)
	at org.testng.SuiteRunnerWorker.run(SuiteRunnerWorker.java:85)
	at org.testng.TestNG.runSuitesSequentially(TestNG.java:1197)
	at org.testng.TestNG.runSuitesLocally(TestNG.java:1122)
	at org.testng.TestNG.run(TestNG.java:1030)
	at org.apache.maven.surefire.testng.TestNGExecutor.run(TestNGExecutor.java:295)
	at org.apache.maven.surefire.testng.TestNGXmlTestSuite.execute(TestNGXmlTestSuite.java:84)
	at org.apache.maven.surefire.testng.TestNGProvider.invoke(TestNGProvider.java:90)
	at org.apache.maven.surefire.booter.ForkedBooter.invokeProviderInSameClassLoader(ForkedBooter.java:203)
	at org.apache.maven.surefire.booter.ForkedBooter.runSuitesInProcess(ForkedBooter.java:155)
	at org.apache.maven.surefire.booter.ForkedBooter.main(ForkedBooter.java:103)
]]>
            </full-stacktrace>
          </exception> <!-- org.openqa.selenium.StaleElementReferenceException -->
          <reporter-output>
          </reporter-output>
        </test-method> <!-- createNewFolder -->
        <test-method status="PASS" signature="tearDown(org.testng.ITestResult)[pri:0, instance:com.dropbox.test.CreateNewFolderTest@6b71769e]" name="tearDown" is-config="true" duration-ms="2311" started-at="2018-09-10T01:14:42Z" finished-at="2018-09-10T01:14:44Z">
          <params>
            <param index="0">
              <value>
                <![CDATA[[TestResult: createNewFolder STATUS:FAILURE METHOD:CreateNewFolderTest.createNewFolder()[pri:0, instance:com.dropbox.test.CreateNewFolderTest@6b71769e]]
]]>
              </value>
            </param>
          </params>
          <reporter-output>
            <line>
              <![CDATA[closing webdriver<br>]]>
            </line>
            <line>
              <![CDATA[webdriver closed.<br>]]>
            </line>
          </reporter-output>
        </test-method> <!-- tearDown -->
        <test-method status="FAIL" signature="tearDown()[pri:0, instance:com.dropbox.test.CreateNewFolderTest@6b71769e]" name="tearDown" is-config="true" duration-ms="0" started-at="2018-09-10T01:14:44Z" finished-at="2018-09-10T01:14:44Z">
          <exception class="java.lang.NullPointerException">
            <full-stacktrace>
              <![CDATA[java.lang.NullPointerException
	at com.dropbox.test.CreateNewFolderTest.tearDown(CreateNewFolderTest.java:67)
	at sun.reflect.NativeMethodAccessorImpl.invoke0(Native Method)
	at sun.reflect.NativeMethodAccessorImpl.invoke(NativeMethodAccessorImpl.java:62)
	at sun.reflect.DelegatingMethodAccessorImpl.invoke(DelegatingMethodAccessorImpl.java:43)
	at java.lang.reflect.Method.invoke(Method.java:498)
	at org.testng.internal.MethodInvocationHelper.invokeMethod(MethodInvocationHelper.java:80)
	at org.testng.internal.Invoker.invokeConfigurationMethod(Invoker.java:564)
	at org.testng.internal.Invoker.invokeConfigurations(Invoker.java:213)
	at org.testng.internal.Invoker.invokeConfigurations(Invoker.java:138)
	at org.testng.SuiteRunner.privateRun(SuiteRunner.java:308)
	at org.testng.SuiteRunner.run(SuiteRunner.java:240)
	at org.testng.SuiteRunnerWorker.runSuite(SuiteRunnerWorker.java:51)
	at org.testng.SuiteRunnerWorker.run(SuiteRunnerWorker.java:85)
	at org.testng.TestNG.runSuitesSequentially(TestNG.java:1197)
	at org.testng.TestNG.runSuitesLocally(TestNG.java:1122)
	at org.testng.TestNG.run(TestNG.java:1030)
	at org.apache.maven.surefire.testng.TestNGExecutor.run(TestNGExecutor.java:295)
	at org.apache.maven.surefire.testng.TestNGXmlTestSuite.execute(TestNGXmlTestSuite.java:84)
	at org.apache.maven.surefire.testng.TestNGProvider.invoke(TestNGProvider.java:90)
	at org.apache.maven.surefire.booter.ForkedBooter.invokeProviderInSameClassLoader(ForkedBooter.java:203)
	at org.apache.maven.surefire.booter.ForkedBooter.runSuitesInProcess(ForkedBooter.java:155)
	at org.apache.maven.surefire.booter.ForkedBooter.main(ForkedBooter.java:103)
]]>
            </full-stacktrace>
          </exception> <!-- java.lang.NullPointerException -->
          <reporter-output>
            <line>
              <![CDATA[closing webdriver<br>]]>
            </line>
          </reporter-output>
        </test-method> <!-- tearDown -->
        <test-method status="SKIP" signature="tearDown()[pri:0, instance:com.dropbox.test.LoginLogoutTest@5594a1b5]" name="tearDown" is-config="true" duration-ms="0" started-at="2018-09-10T01:14:44Z" finished-at="2018-09-10T01:14:44Z">
          <reporter-output>
          </reporter-output>
        </test-method> <!-- tearDown -->
        <test-method status="SKIP" signature="tearDown()[pri:0, instance:com.dropbox.test.HomePageUploadFileTest@6a5fc7f7]" name="tearDown" is-config="true" duration-ms="0" started-at="2018-09-10T01:14:44Z" finished-at="2018-09-10T01:14:44Z">
          <reporter-output>
          </reporter-output>
        </test-method> <!-- tearDown -->
      </class> <!-- com.dropbox.test.CreateNewFolderTest -->
    </test> <!-- Test -->
  </suite> <!-- Suite -->
</testng-results>
